INFO:     Will watch for changes in these directories: ['/Users/ankanghosh/Desktop/ivy league/backend']
INFO:     Uvicorn running on http://127.0.0.1:8000 (Press CTRL+C to quit)
INFO:     Started reloader process [42267] using StatReload
INFO:     Started server process [42269]
INFO:     Waiting for application startup.
ERROR:    Traceback (most recent call last):
  File "/Users/ankanghosh/Desktop/ivy league/backend/venv/lib/python3.12/site-packages/starlette/routing.py", line 694, in lifespan
    async with self.lifespan_context(app) as maybe_state:
               ^^^^^^^^^^^^^^^^^^^^^^^^^^
  File "/opt/homebrew/Cellar/python@3.12/3.12.12_2/Frameworks/Python.framework/Versions/3.12/lib/python3.12/contextlib.py", line 210, in __aenter__
    return await anext(self.gen)
           ^^^^^^^^^^^^^^^^^^^^^
  File "/Users/ankanghosh/Desktop/ivy league/backend/venv/lib/python3.12/site-packages/fastapi/routing.py", line 201, in merged_lifespan
    async with original_context(app) as maybe_original_state:
               ^^^^^^^^^^^^^^^^^^^^^
  File "/opt/homebrew/Cellar/python@3.12/3.12.12_2/Frameworks/Python.framework/Versions/3.12/lib/python3.12/contextlib.py", line 210, in __aenter__
    return await anext(self.gen)
           ^^^^^^^^^^^^^^^^^^^^^
  File "/Users/ankanghosh/Desktop/ivy league/backend/app/main.py", line 35, in lifespan
    await init_beanie(
  File "/Users/ankanghosh/Desktop/ivy league/backend/venv/lib/python3.12/site-packages/beanie/odm/utils/init.py", line 780, in init_beanie
    await Initializer(
  File "/Users/ankanghosh/Desktop/ivy league/backend/venv/lib/python3.12/site-packages/beanie/odm/utils/init.py", line 131, in __await__
    yield from self.init_class(model).__await__()
  File "/Users/ankanghosh/Desktop/ivy league/backend/venv/lib/python3.12/site-packages/beanie/odm/utils/init.py", line 743, in init_class
    await self.init_document(cls)
  File "/Users/ankanghosh/Desktop/ivy league/backend/venv/lib/python3.12/site-packages/beanie/odm/utils/init.py", line 574, in init_document
    build_info = await self.database.command({"buildInfo": 1})
                 ^^^^^^^^^^^^^^^^^^^^^^^^^^^^^^^^^^^^^^^^^^^^^
  File "/opt/homebrew/Cellar/python@3.12/3.12.12_2/Frameworks/Python.framework/Versions/3.12/lib/python3.12/concurrent/futures/thread.py", line 59, in run
    result = self.fn(*self.args, **self.kwargs)
             ^^^^^^^^^^^^^^^^^^^^^^^^^^^^^^^^^^
  File "/Users/ankanghosh/Desktop/ivy league/backend/venv/lib/python3.12/site-packages/pymongo/_csot.py", line 125, in csot_wrapper
    return func(self, *args, **kwargs)
           ^^^^^^^^^^^^^^^^^^^^^^^^^^^
  File "/Users/ankanghosh/Desktop/ivy league/backend/venv/lib/python3.12/site-packages/pymongo/synchronous/database.py", line 934, in command
    with self._client._conn_for_reads(read_preference, session, operation=command_name) as (
         ^^^^^^^^^^^^^^^^^^^^^^^^^^^^^^^^^^^^^^^^^^^^^^^^^^^^^^^^^^^^^^^^^^^^^^^^^^^^^^
  File "/Users/ankanghosh/Desktop/ivy league/backend/venv/lib/python3.12/site-packages/pymongo/synchronous/mongo_client.py", line 1885, in _conn_for_reads
    server = self._select_server(read_preference, session, operation)
             ^^^^^^^^^^^^^^^^^^^^^^^^^^^^^^^^^^^^^^^^^^^^^^^^^^^^^^^^
  File "/Users/ankanghosh/Desktop/ivy league/backend/venv/lib/python3.12/site-packages/pymongo/synchronous/mongo_client.py", line 1833, in _select_server
    server = topology.select_server(
             ^^^^^^^^^^^^^^^^^^^^^^^
  File "/Users/ankanghosh/Desktop/ivy league/backend/venv/lib/python3.12/site-packages/pymongo/synchronous/topology.py", line 428, in select_server
    server = self._select_server(
             ^^^^^^^^^^^^^^^^^^^^
  File "/Users/ankanghosh/Desktop/ivy league/backend/venv/lib/python3.12/site-packages/pymongo/synchronous/topology.py", line 402, in _select_server
    servers = self.select_servers(
              ^^^^^^^^^^^^^^^^^^^^
  File "/Users/ankanghosh/Desktop/ivy league/backend/venv/lib/python3.12/site-packages/pymongo/synchronous/topology.py", line 298, in select_servers
    server_descriptions = self._select_servers_loop(
                          ^^^^^^^^^^^^^^^^^^^^^^^^^^
  File "/Users/ankanghosh/Desktop/ivy league/backend/venv/lib/python3.12/site-packages/pymongo/synchronous/topology.py", line 359, in _select_servers_loop
    raise ServerSelectionTimeoutError(
pymongo.errors.ServerSelectionTimeoutError: SSL handshake failed: ac-kmf2sqm-shard-00-01.okbocmk.mongodb.net:27017: [SSL: TLSV1_ALERT_INTERNAL_ERROR] tlsv1 alert internal error (_ssl.c:1010) (configured timeouts: socketTimeoutMS: 20000.0ms, connectTimeoutMS: 20000.0ms),SSL handshake failed: ac-kmf2sqm-shard-00-00.okbocmk.mongodb.net:27017: [SSL: TLSV1_ALERT_INTERNAL_ERROR] tlsv1 alert internal error (_ssl.c:1010) (configured timeouts: socketTimeoutMS: 20000.0ms, connectTimeoutMS: 20000.0ms),SSL handshake failed: ac-kmf2sqm-shard-00-02.okbocmk.mongodb.net:27017: [SSL: TLSV1_ALERT_INTERNAL_ERROR] tlsv1 alert internal error (_ssl.c:1010) (configured timeouts: socketTimeoutMS: 20000.0ms, connectTimeoutMS: 20000.0ms), Timeout: 30s, Topology Description: <TopologyDescription id: 69a04074d34d8ce4e2328b9a, topology_type: ReplicaSetNoPrimary, servers: [<ServerDescription ('ac-kmf2sqm-shard-00-00.okbocmk.mongodb.net', 27017) server_type: Unknown, rtt: None, error=AutoReconnect('SSL handshake failed: ac-kmf2sqm-shard-00-00.okbocmk.mongodb.net:27017: [SSL: TLSV1_ALERT_INTERNAL_ERROR] tlsv1 alert internal error (_ssl.c:1010) (configured timeouts: socketTimeoutMS: 20000.0ms, connectTimeoutMS: 20000.0ms)')>, <ServerDescription ('ac-kmf2sqm-shard-00-01.okbocmk.mongodb.net', 27017) server_type: Unknown, rtt: None, error=AutoReconnect('SSL handshake failed: ac-kmf2sqm-shard-00-01.okbocmk.mongodb.net:27017: [SSL: TLSV1_ALERT_INTERNAL_ERROR] tlsv1 alert internal error (_ssl.c:1010) (configured timeouts: socketTimeoutMS: 20000.0ms, connectTimeoutMS: 20000.0ms)')>, <ServerDescription ('ac-kmf2sqm-shard-00-02.okbocmk.mongodb.net', 27017) server_type: Unknown, rtt: None, error=AutoReconnect('SSL handshake failed: ac-kmf2sqm-shard-00-02.okbocmk.mongodb.net:27017: [SSL: TLSV1_ALERT_INTERNAL_ERROR] tlsv1 alert internal error (_ssl.c:1010) (configured timeouts: socketTimeoutMS: 20000.0ms, connectTimeoutMS: 20000.0ms)')>]>

ERROR:    Application startup failed. Exiting.
